# JRE version: OpenJDK Runtime Environment (8.0_265-b01) (build 1.8.0_265-b01)
# Java VM: OpenJDK 64-Bit Server VM (25.265-b01 mixed mode windows-amd64 compressed oops)
Heap:
 PSYoungGen      total 138240K, used 5700K [0x00000000d5b80000, 0x00000000de780000, 0x0000000100000000)
  eden space 133120K, 4% used [0x00000000d5b80000,0x00000000d61110c8,0x00000000ddd80000)
  from space 5120K, 0% used [0x00000000de280000,0x00000000de280000,0x00000000de780000)
  to   space 5120K, 0% used [0x00000000ddd80000,0x00000000ddd80000,0x00000000de280000)
 ParOldGen       total 94208K, used 25613K [0x0000000081200000, 0x0000000086e00000, 0x00000000d5b80000)
  object space 94208K, 27% used [0x0000000081200000,0x0000000082b037e0,0x0000000086e00000)
 Metaspace       used 21085K, capacity 21346K, committed 21504K, reserved 1069056K
  class space    used 2663K, capacity 2751K, committed 2816K, reserved 1048576K
GC Heap History (10 events):
Event: 0.321 GC heap before
{Heap before GC invocations=1 (full 0):
 PSYoungGen      total 38400K, used 33280K [0x00000000d5b80000, 0x00000000d8600000, 0x0000000100000000)
  eden space 33280K, 100% used [0x00000000d5b80000,0x00000000d7c00000,0x00000000d7c00000)
  from space 5120K, 0% used [0x00000000d8100000,0x00000000d8100000,0x00000000d8600000)
  to   space 5120K, 0% used [0x00000000d7c00000,0x00000000d7c00000,0x00000000d8100000)
 ParOldGen       total 87552K, used 0K [0x0000000081200000, 0x0000000086780000, 0x00000000d5b80000)
  object space 87552K, 0% used [0x0000000081200000,0x0000000081200000,0x0000000086780000)
 Metaspace       used 5665K, capacity 5746K, committed 5888K, reserved 1056768K
  class space    used 617K, capacity 659K, committed 768K, reserved 1048576K
Event: 0.325 GC heap after
Heap after GC invocations=1 (full 0):
 PSYoungGen      total 38400K, used 5107K [0x00000000d5b80000, 0x00000000da680000, 0x0000000100000000)
  eden space 33280K, 0% used [0x00000000d5b80000,0x00000000d5b80000,0x00000000d7c00000)
  from space 5120K, 99% used [0x00000000d7c00000,0x00000000d80fcef0,0x00000000d8100000)
  to   space 5120K, 0% used [0x00000000da180000,0x00000000da180000,0x00000000da680000)
 ParOldGen       total 87552K, used 1864K [0x0000000081200000, 0x0000000086780000, 0x00000000d5b80000)
  object space 87552K, 2% used [0x0000000081200000,0x00000000813d2048,0x0000000086780000)
 Metaspace       used 5665K, capacity 5746K, committed 5888K, reserved 1056768K
  class space    used 617K, capacity 659K, committed 768K, reserved 1048576K
}
Event: 0.536 GC heap before
{Heap before GC invocations=2 (full 0):
 PSYoungGen      total 38400K, used 38387K [0x00000000d5b80000, 0x00000000da680000, 0x0000000100000000)
  eden space 33280K, 100% used [0x00000000d5b80000,0x00000000d7c00000,0x00000000d7c00000)
  from space 5120K, 99% used [0x00000000d7c00000,0x00000000d80fcef0,0x00000000d8100000)
  to   space 5120K, 0% used [0x00000000da180000,0x00000000da180000,0x00000000da680000)
 ParOldGen       total 87552K, used 1864K [0x0000000081200000, 0x0000000086780000, 0x00000000d5b80000)
  object space 87552K, 2% used [0x0000000081200000,0x00000000813d2048,0x0000000086780000)
 Metaspace       used 8459K, capacity 8536K, committed 8832K, reserved 1056768K
  class space    used 1018K, capacity 1076K, committed 1152K, reserved 1048576K
Event: 0.543 GC heap after
Heap after GC invocations=2 (full 0):
 PSYoungGen      total 71680K, used 5118K [0x00000000d5b80000, 0x00000000da680000, 0x0000000100000000)
  eden space 66560K, 0% used [0x00000000d5b80000,0x00000000d5b80000,0x00000000d9c80000)
  from space 5120K, 99% used [0x00000000da180000,0x00000000da67fa38,0x00000000da680000)
  to   space 5120K, 0% used [0x00000000d9c80000,0x00000000d9c80000,0x00000000da180000)
 ParOldGen       total 87552K, used 13749K [0x0000000081200000, 0x0000000086780000, 0x00000000d5b80000)
  object space 87552K, 15% used [0x0000000081200000,0x0000000081f6d518,0x0000000086780000)
 Metaspace       used 8459K, capacity 8536K, committed 8832K, reserved 1056768K
  class space    used 1018K, capacity 1076K, committed 1152K, reserved 1048576K
}
Event: 1.120 GC heap before
{Heap before GC invocations=3 (full 0):
 PSYoungGen      total 71680K, used 71678K [0x00000000d5b80000, 0x00000000da680000, 0x0000000100000000)
  eden space 66560K, 100% used [0x00000000d5b80000,0x00000000d9c80000,0x00000000d9c80000)
  from space 5120K, 99% used [0x00000000da180000,0x00000000da67fa38,0x00000000da680000)
  to   space 5120K, 0% used [0x00000000d9c80000,0x00000000d9c80000,0x00000000da180000)
 ParOldGen       total 87552K, used 13749K [0x0000000081200000, 0x0000000086780000, 0x00000000d5b80000)
  object space 87552K, 15% used [0x0000000081200000,0x0000000081f6d518,0x0000000086780000)
 Metaspace       used 16002K, capacity 16154K, committed 16256K, reserved 1062912K
  class space    used 2066K, capacity 2111K, committed 2176K, reserved 1048576K
Event: 1.129 GC heap after
Heap after GC invocations=3 (full 0):
 PSYoungGen      total 71680K, used 5113K [0x00000000d5b80000, 0x00000000de780000, 0x0000000100000000)
  eden space 66560K, 0% used [0x00000000d5b80000,0x00000000d5b80000,0x00000000d9c80000)
  from space 5120K, 99% used [0x00000000d9c80000,0x00000000da17e4e0,0x00000000da180000)
  to   space 5120K, 0% used [0x00000000de280000,0x00000000de280000,0x00000000de780000)
 ParOldGen       total 87552K, used 28879K [0x0000000081200000, 0x0000000086780000, 0x00000000d5b80000)
  object space 87552K, 32% used [0x0000000081200000,0x0000000082e33c48,0x0000000086780000)
 Metaspace       used 16002K, capacity 16154K, committed 16256K, reserved 1062912K
  class space    used 2066K, capacity 2111K, committed 2176K, reserved 1048576K
}
Event: 1.926 GC heap before
{Heap before GC invocations=4 (full 0):
 PSYoungGen      total 71680K, used 61269K [0x00000000d5b80000, 0x00000000de780000, 0x0000000100000000)
  eden space 66560K, 84% used [0x00000000d5b80000,0x00000000d92571f0,0x00000000d9c80000)
  from space 5120K, 99% used [0x00000000d9c80000,0x00000000da17e4e0,0x00000000da180000)
  to   space 5120K, 0% used [0x00000000de280000,0x00000000de280000,0x00000000de780000)
 ParOldGen       total 87552K, used 28879K [0x0000000081200000, 0x0000000086780000, 0x00000000d5b80000)
  object space 87552K, 32% used [0x0000000081200000,0x0000000082e33c48,0x0000000086780000)
 Metaspace       used 20896K, capacity 21122K, committed 21248K, reserved 1067008K
  class space    used 2634K, capacity 2719K, committed 2816K, reserved 1048576K
Event: 1.933 GC heap after
Heap after GC invocations=4 (full 0):
 PSYoungGen      total 138240K, used 5113K [0x00000000d5b80000, 0x00000000de780000, 0x0000000100000000)
  eden space 133120K, 0% used [0x00000000d5b80000,0x00000000d5b80000,0x00000000ddd80000)
  from space 5120K, 99% used [0x00000000de280000,0x00000000de77e4e0,0x00000000de780000)
  to   space 5120K, 0% used [0x00000000ddd80000,0x00000000ddd80000,0x00000000de280000)
 ParOldGen       total 87552K, used 35667K [0x0000000081200000, 0x0000000086780000, 0x00000000d5b80000)
  object space 87552K, 40% used [0x0000000081200000,0x00000000834d4e88,0x0000000086780000)
 Metaspace       used 20896K, capacity 21122K, committed 21248K, reserved 1067008K
  class space    used 2634K, capacity 2719K, committed 2816K, reserved 1048576K
}
Event: 1.933 GC heap before
{Heap before GC invocations=5 (full 1):
 PSYoungGen      total 138240K, used 5113K [0x00000000d5b80000, 0x00000000de780000, 0x0000000100000000)
  eden space 133120K, 0% used [0x00000000d5b80000,0x00000000d5b80000,0x00000000ddd80000)
  from space 5120K, 99% used [0x00000000de280000,0x00000000de77e4e0,0x00000000de780000)
  to   space 5120K, 0% used [0x00000000ddd80000,0x00000000ddd80000,0x00000000de280000)
 ParOldGen       total 87552K, used 35667K [0x0000000081200000, 0x0000000086780000, 0x00000000d5b80000)
  object space 87552K, 40% used [0x0000000081200000,0x00000000834d4e88,0x0000000086780000)
 Metaspace       used 20896K, capacity 21122K, committed 21248K, reserved 1067008K
  class space    used 2634K, capacity 2719K, committed 2816K, reserved 1048576K
Event: 1.968 GC heap after
Heap after GC invocations=5 (full 1):
 PSYoungGen      total 138240K, used 0K [0x00000000d5b80000, 0x00000000de780000, 0x0000000100000000)
  eden space 133120K, 0% used [0x00000000d5b80000,0x00000000d5b80000,0x00000000ddd80000)
  from space 5120K, 0% used [0x00000000de280000,0x00000000de280000,0x00000000de780000)
  to   space 5120K, 0% used [0x00000000ddd80000,0x00000000ddd80000,0x00000000de280000)
 ParOldGen       total 94208K, used 25613K [0x0000000081200000, 0x0000000086e00000, 0x00000000d5b80000)
  object space 94208K, 27% used [0x0000000081200000,0x0000000082b037e0,0x0000000086e00000)
 Metaspace       used 20896K, capacity 21122K, committed 21248K, reserved 1067008K
  class space    used 2634K, capacity 2719K, committed 2816K, reserved 1048576K
}

